[debug] [2022-12-06T11:57:31.898Z] ----------------------------------------------------------------------
[debug] [2022-12-06T11:57:31.901Z] Command:       C:\Program Files\nodejs\node.exe C:\Users\carlb\AppData\Roaming\npm\node_modules\firebase-tools\lib\bin\firebase.js init
[debug] [2022-12-06T11:57:31.902Z] CLI Version:   11.16.1
[debug] [2022-12-06T11:57:31.902Z] Platform:      win32
[debug] [2022-12-06T11:57:31.902Z] Node Version:  v16.17.0
[debug] [2022-12-06T11:57:31.904Z] Time:          Tue Dec 06 2022 12:57:31 GMT+0100 (centraleuropeisk normaltid)
[debug] [2022-12-06T11:57:31.904Z] ----------------------------------------------------------------------
[debug] 
[debug] [2022-12-06T11:57:31.917Z] > command requires scopes: ["email","openid","https://www.googleapis.com/auth/cloudplatformprojects.readonly","https://www.googleapis.com/auth/firebase","https://www.googleapis.com/auth/cloud-platform"]
[debug] [2022-12-06T11:57:31.917Z] > authorizing via signed-in user (carlb.98@hotmail.se)
[info] 
     ######## #### ########  ######## ########     ###     ######  ########
     ##        ##  ##     ## ##       ##     ##  ##   ##  ##       ##
     ######    ##  ########  ######   ########  #########  ######  ######
     ##        ##  ##    ##  ##       ##     ## ##     ##       ## ##
     ##       #### ##     ## ######## ########  ##     ##  ######  ########

You're about to initialize a Firebase project in this directory:

  C:\Users\carlb\OneDrive\Skrivbord\testgit\slutexamination

[info] 
=== Project Setup
[info] 
[info] First, let's associate this project directory with a Firebase project.
[info] You can create multiple project aliases by running firebase use --add, 
[info] but for now we'll just set up a default project.
[info] 
[debug] [2022-12-06T11:57:52.902Z] > refreshing access token with scopes: []
[debug] [2022-12-06T11:57:52.904Z] >>> [apiv2][query] POST https://www.googleapis.com/oauth2/v3/token [none]
[debug] [2022-12-06T11:57:52.905Z] >>> [apiv2][body] POST https://www.googleapis.com/oauth2/v3/token [omitted]
[debug] [2022-12-06T11:57:54.623Z] <<< [apiv2][status] POST https://www.googleapis.com/oauth2/v3/token 200
[debug] [2022-12-06T11:57:54.623Z] <<< [apiv2][body] POST https://www.googleapis.com/oauth2/v3/token [omitted]
[debug] [2022-12-06T11:57:54.676Z] >>> [apiv2][query] GET https://firebase.googleapis.com/v1beta1/projects pageSize=100
[debug] [2022-12-06T11:57:55.460Z] <<< [apiv2][status] GET https://firebase.googleapis.com/v1beta1/projects 200
[debug] [2022-12-06T11:57:55.460Z] <<< [apiv2][body] GET https://firebase.googleapis.com/v1beta1/projects [omitted]
